Build started 9/10/2015 8:35:05 AM.
     1>Project "C:\Users\ShaoKun\aquila\aquila\aquila.vcxproj" on node 2 (Build target(s)).
     1>ClCompile:
         C:\Program Files (x86)\Microsoft Visual Studio 12.0\VC\bin\CL.exe /c /ZI /nologo /W3 /WX- /sdl /Od /Oy- /D _MBCS /Gm /EHsc /RTC1 /MDd /GS /fp:precise /Zc:wchar_t /Zc:forScope /Fo"Debug\\" /Fd"Debug\vc120.pdb" /Gd /TP /analyze- /errorReport:prompt Camera.cpp Light.cpp Main.cpp Raytracer.cpp Sampler.cpp Shape.cpp Types.cpp
         Shape.cpp
     1>c:\users\shaokun\aquila\aquila\types.h(31): error C2059: syntax error : 'constant'
     1>c:\users\shaokun\aquila\aquila\types.h(32): error C2143: syntax error : missing ';' before '}'
     1>c:\users\shaokun\aquila\aquila\types.h(32): error C2238: unexpected token(s) preceding ';'
     1>c:\users\shaokun\aquila\aquila\shape.cpp(97): error C2572: 'Sphere::Intersect' : redefinition of default parameter : parameter 3
                 c:\users\shaokun\aquila\aquila\shape.h(44) : see declaration of 'Sphere::Intersect'
     1>c:\users\shaokun\aquila\aquila\shape.cpp(97): error C2572: 'Sphere::Intersect' : redefinition of default parameter : parameter 2
                 c:\users\shaokun\aquila\aquila\shape.h(44) : see declaration of 'Sphere::Intersect'
         Raytracer.cpp
     1>c:\users\shaokun\aquila\aquila\types.h(31): error C2059: syntax error : 'constant'
     1>c:\users\shaokun\aquila\aquila\types.h(32): error C2143: syntax error : missing ';' before '}'
     1>c:\users\shaokun\aquila\aquila\types.h(32): error C2238: unexpected token(s) preceding ';'
     1>c:\users\shaokun\aquila\aquila\raytracer.cpp(5): warning C4244: '=' : conversion from 'double' to 'int', possible loss of data
     1>c:\users\shaokun\aquila\aquila\raytracer.cpp(24): warning C4018: '<' : signed/unsigned mismatch
         Light.cpp
     1>c:\users\shaokun\aquila\aquila\types.h(31): error C2059: syntax error : 'constant'
     1>c:\users\shaokun\aquila\aquila\types.h(32): error C2143: syntax error : missing ';' before '}'
     1>c:\users\shaokun\aquila\aquila\types.h(32): error C2238: unexpected token(s) preceding ';'
         Camera.cpp
     1>c:\users\shaokun\aquila\aquila\types.h(31): error C2059: syntax error : 'constant'
     1>c:\users\shaokun\aquila\aquila\types.h(32): error C2143: syntax error : missing ';' before '}'
     1>c:\users\shaokun\aquila\aquila\types.h(32): error C2238: unexpected token(s) preceding ';'
         Generating Code...
         Compiling...
         Main.cpp
     1>c:\users\shaokun\aquila\aquila\types.h(31): error C2059: syntax error : 'constant'
     1>c:\users\shaokun\aquila\aquila\types.h(32): error C2143: syntax error : missing ';' before '}'
     1>c:\users\shaokun\aquila\aquila\types.h(32): error C2238: unexpected token(s) preceding ';'
         Generating Code...
         Compiling...
         Sampler.cpp
     1>c:\users\shaokun\aquila\aquila\types.h(31): error C2059: syntax error : 'constant'
     1>c:\users\shaokun\aquila\aquila\types.h(32): error C2143: syntax error : missing ';' before '}'
     1>c:\users\shaokun\aquila\aquila\types.h(32): error C2238: unexpected token(s) preceding ';'
     1>c:\users\shaokun\aquila\aquila\sampler.cpp(31): warning C4244: '=' : conversion from 'int' to 'float', possible loss of data
     1>c:\users\shaokun\aquila\aquila\sampler.cpp(32): warning C4244: '=' : conversion from 'int' to 'float', possible loss of data
     1>c:\users\shaokun\aquila\aquila\sampler.cpp(45): warning C4244: '=' : conversion from 'int' to 'float', possible loss of data
     1>c:\users\shaokun\aquila\aquila\sampler.cpp(46): warning C4244: '=' : conversion from 'int' to 'float', possible loss of data
         Generating Code...
         Compiling...
         Types.cpp
     1>c:\users\shaokun\aquila\aquila\types.h(31): error C2059: syntax error : 'constant'
     1>c:\users\shaokun\aquila\aquila\types.h(32): error C2143: syntax error : missing ';' before '}'
     1>c:\users\shaokun\aquila\aquila\types.h(32): error C2238: unexpected token(s) preceding ';'
         Generating Code...
     1>Done Building Project "C:\Users\ShaoKun\aquila\aquila\aquila.vcxproj" (Build target(s)) -- FAILED.

Build FAILED.

Time Elapsed 00:00:03.81
